<?xml version="1.0" encoding="UTF-8"?>
<testng-results ignored="0" total="2" passed="2" failed="0" skipped="0">
  <reporter-output>
  </reporter-output>
  <suite started-at="2021-12-17T13:39:12 CET" name="Default suite" finished-at="2021-12-17T13:39:25 CET" duration-ms="12665">
    <groups>
    </groups>
    <test started-at="2021-12-17T13:39:12 CET" name="Default test" finished-at="2021-12-17T13:39:25 CET" duration-ms="12665">
      <class name="test.EKRWorkflow">
        <test-method is-config="true" signature="setUpTest()[pri:0, instance:test.EKRWorkflow@6404f418]" started-at="2021-12-17T13:39:12 CET" name="setUpTest" finished-at="2021-12-17T13:39:17 CET" duration-ms="4934" status="PASS">
          <reporter-output>
          </reporter-output>
        </test-method> <!-- setUpTest -->
        <test-method signature="startPage()[pri:0, instance:test.EKRWorkflow@6404f418]" started-at="2021-12-17T13:39:17 CET" name="startPage" finished-at="2021-12-17T13:39:21 CET" duration-ms="4132" status="PASS">
          <reporter-output>
          </reporter-output>
        </test-method> <!-- startPage -->
        <test-method signature="secondPage()[pri:1, instance:test.EKRWorkflow@6404f418]" started-at="2021-12-17T13:39:21 CET" name="secondPage" finished-at="2021-12-17T13:39:25 CET" duration-ms="3534" status="PASS">
          <reporter-output>
          </reporter-output>
        </test-method> <!-- secondPage -->
      </class> <!-- test.EKRWorkflow -->
    </test> <!-- Default test -->
  </suite> <!-- Default suite -->
</testng-results>
