<?xml version="1.0" encoding="UTF-8"?>
<testng-results ignored="0" total="2" passed="2" failed="0" skipped="0">
  <reporter-output>
  </reporter-output>
  <suite started-at="2021-12-20T16:01:44 CET" name="Default suite" finished-at="2021-12-20T16:01:58 CET" duration-ms="14213">
    <groups>
    </groups>
    <test started-at="2021-12-20T16:01:44 CET" name="Default test" finished-at="2021-12-20T16:01:58 CET" duration-ms="14213">
      <class name="test.EKRWorkflow">
        <test-method is-config="true" signature="setUpTest()[pri:0, instance:test.EKRWorkflow@6404f418]" started-at="2021-12-20T16:01:44 CET" name="setUpTest" finished-at="2021-12-20T16:01:50 CET" duration-ms="6592" status="PASS">
          <reporter-output>
          </reporter-output>
        </test-method> <!-- setUpTest -->
        <test-method signature="startPage()[pri:0, instance:test.EKRWorkflow@6404f418]" started-at="2021-12-20T16:01:50 CET" name="startPage" finished-at="2021-12-20T16:01:55 CET" duration-ms="4211" status="PASS">
          <reporter-output>
          </reporter-output>
        </test-method> <!-- startPage -->
        <test-method signature="secondPage()[pri:1, instance:test.EKRWorkflow@6404f418]" started-at="2021-12-20T16:01:55 CET" name="secondPage" finished-at="2021-12-20T16:01:58 CET" duration-ms="3356" status="PASS">
          <reporter-output>
          </reporter-output>
        </test-method> <!-- secondPage -->
      </class> <!-- test.EKRWorkflow -->
    </test> <!-- Default test -->
  </suite> <!-- Default suite -->
</testng-results>
